[35m[Appium][39m Welcome to Appium v1.21.0
[35m[Appium][39m Non-default server args:
[35m[Appium][39m   port: 58291
[35m[Appium][39m   loglevel: info
[35m[Appium][39m   tmpDir: C:\Users\LENOVO\AppData\Local\Temp\\Katalon\Appium\Temp1623402897847
[35m[Appium][39m   chromedriverPort: 58292
[35m[Appium][39m Deprecated server args:
[35m[Appium][39m   [31m--chromedriver-port[39m => --default-capabilities
[35m[Appium][39m Default capabilities, which will be added to each request unless overridden by desired capabilities:
[35m[Appium][39m   chromedriverPort: 58292
[35m[Appium][39m Appium REST http interface listener started on 0.0.0.0:58291
[35m[HTTP][39m [37m-->[39m [37mGET[39m [37m/wd/hub/status[39m
[35m[HTTP][39m [90m{}[39m
[35m[HTTP][39m [37m<-- GET /wd/hub/status [39m[32m200[39m [90m10 ms - 68[39m
[35m[HTTP][39m [90m[39m
[35m[HTTP][39m [37m-->[39m [37mGET[39m [37m/wd/hub/status[39m
[35m[HTTP][39m [90m{}[39m
[35m[HTTP][39m [37m<-- GET /wd/hub/status [39m[32m200[39m [90m1 ms - 68[39m
[35m[HTTP][39m [90m[39m
[35m[HTTP][39m [37m-->[39m [37mPOST[39m [37m/wd/hub/session[39m
[35m[HTTP][39m [90m{"desiredCapabilities":{"appActivity":".Settings","appPackage":"com.android.settings","newCommandTimeout":1800,"platformVersion":"11","automationName":"uiautomator2","autoGrantPermissions":true,"platformName":"Android","udid":"emulator-5554","deviceName":"emulator-5554 (sdk_gphone_x86_arm - Android 11)","platform":"ANDROID","systemPort":8242},"capabilities":{"firstMatch":[{"appium:appActivity":".Settings","appium:appPackage":"com.android.settings","appium:autoGrantPermissions":true,"appium:automationName":"uiautomator2","appium:deviceName":"emulator-5554 (sdk_gphone_x86_arm - Android 11)","appium:newCommandTimeout":1800,"platform":"ANDROID","platformName":"android","appium:platformVersion":"11","appium:systemPort":8242,"appium:udid":"emulator-5554"}]}}[39m
[35m[BaseDriver][39m The following capabilities are not standard capabilities and should have an extension prefix:
[35m[BaseDriver][39m   platform
[35m[BaseDriver][39m   chromedriverPort
[35m[Appium][39m Appium v1.21.0 creating new AndroidUiautomator2Driver (v1.65.0) session
[35m[BaseDriver][39m The following capabilities were provided, but are not recognized by Appium:
[35m[BaseDriver][39m   platform
[35m[BaseDriver][39m Session created with session id: e32c7da1-caa6-42f9-adfe-e695344591d8
[35m[UiAutomator2][39m Starting 'com.android.settings' directly on the device
[35m[ADB][39m Found 1 'build-tools' folders under 'C:\Users\LENOVO\.katalon\tools\android_sdk' (newest first):
[35m[ADB][39m     C:/Users/LENOVO/.katalon/tools/android_sdk/build-tools/29.0.3
[35m[ADB][39m Using 'adb.exe' from 'C:\Users\LENOVO\.katalon\tools\android_sdk\platform-tools\adb.exe'
[35m[AndroidDriver][39m Retrieving device list
[35m[AndroidDriver][39m Using device: emulator-5554
[35m[ADB][39m Using 'adb.exe' from 'C:\Users\LENOVO\.katalon\tools\android_sdk\platform-tools\adb.exe'
[35m[ADB][39m Getting device platform version
[35m[UiAutomator2][39m Relaxing hidden api policy
[35m[AndroidDriver][39m No app sent in, not parsing package/activity
[35m[ADB][39m Using 'apksigner.jar' from 'C:\Users\LENOVO\.katalon\tools\android_sdk\build-tools\29.0.3\lib\apksigner.jar'
[35m[ADB][39m 'C:\Users\LENOVO\AppData\Roaming\npm\node_modules\appium\node_modules\appium-uiautomator2-server\apks\appium-uiautomator2-server-v4.21.1.apk' is signed with the default certificate
[35m[ADB][39m 'C:\Users\LENOVO\AppData\Roaming\npm\node_modules\appium\node_modules\appium-uiautomator2-server\apks\appium-uiautomator2-server-debug-androidTest.apk' is signed with the default certificate
[35m[UiAutomator2][39m Server packages are not going to be (re)installed
[35m[ADB][39m Adding packages ["io.appium.settings","io.appium.uiautomator2.server","io.appium.uiautomator2.server.test"] to Doze whitelist
[35m[UiAutomator2][39m Starting UIAutomator2 server 4.21.1
[35m[UiAutomator2][39m Using UIAutomator2 server from 'C:\Users\LENOVO\AppData\Roaming\npm\node_modules\appium\node_modules\appium-uiautomator2-server\apks\appium-uiautomator2-server-v4.21.1.apk' and test from 'C:\Users\LENOVO\AppData\Roaming\npm\node_modules\appium\node_modules\appium-uiautomator2-server\apks\appium-uiautomator2-server-debug-androidTest.apk'
[35m[UiAutomator2][39m Waiting up to 30000ms for UiAutomator2 to be online...
[35m[WD Proxy][39m socket hang up
[35m[WD Proxy][39m socket hang up
[35m[WD Proxy][39m socket hang up
[35m[WD Proxy][39m Determined the downstream protocol as 'W3C'
[35m[AndroidDriver][39m Screen already unlocked, doing nothing
[35m[UiAutomator2][39m Starting 'com.android.settings/.Settings and waiting for 'com.android.settings/.Settings'
[35m[Appium][39m New AndroidUiautomator2Driver session created successfully, session e32c7da1-caa6-42f9-adfe-e695344591d8 added to master session list
[35m[HTTP][39m [37m<-- POST /wd/hub/session [39m[32m200[39m [90m8289 ms - 1194[39m
[35m[HTTP][39m [90m[39m
[35m[HTTP][39m [37m-->[39m [37mGET[39m [37m/wd/hub/session/e32c7da1-caa6-42f9-adfe-e695344591d8[39m
[35m[HTTP][39m [90m{}[39m
[35m[HTTP][39m [37m<-- GET /wd/hub/session/e32c7da1-caa6-42f9-adfe-e695344591d8 [39m[32m200[39m [90m11 ms - 1148[39m
[35m[HTTP][39m [90m[39m
[35m[HTTP][39m [37m-->[39m [37mGET[39m [37m/wd/hub/session/e32c7da1-caa6-42f9-adfe-e695344591d8[39m
[35m[HTTP][39m [90m{}[39m
[35m[HTTP][39m [37m<-- GET /wd/hub/session/e32c7da1-caa6-42f9-adfe-e695344591d8 [39m[32m200[39m [90m8 ms - 1148[39m
[35m[HTTP][39m [90m[39m
[35m[HTTP][39m [37m-->[39m [37mGET[39m [37m/wd/hub/status[39m
[35m[HTTP][39m [90m{}[39m
[35m[HTTP][39m [37m<-- GET /wd/hub/status [39m[32m200[39m [90m1 ms - 68[39m
[35m[HTTP][39m [90m[39m
[35m[HTTP][39m [37m-->[39m [37mPOST[39m [37m/wd/hub/session/e32c7da1-caa6-42f9-adfe-e695344591d8/timeouts[39m
[35m[HTTP][39m [90m{"implicit":60000}[39m
[35m[HTTP][39m [37m<-- POST /wd/hub/session/e32c7da1-caa6-42f9-adfe-e695344591d8/timeouts [39m[32m200[39m [90m3 ms - 14[39m
[35m[HTTP][39m [90m[39m
[35m[HTTP][39m [37m-->[39m [37mGET[39m [37m/wd/hub/session/e32c7da1-caa6-42f9-adfe-e695344591d8/screenshot[39m
[35m[HTTP][39m [90m{}[39m
[35m[HTTP][39m [37m<-- GET /wd/hub/session/e32c7da1-caa6-42f9-adfe-e695344591d8/screenshot [39m[32m200[39m [90m365 ms - 230190[39m
[35m[HTTP][39m [90m[39m
[35m[HTTP][39m [37m-->[39m [37mGET[39m [37m/wd/hub/session/e32c7da1-caa6-42f9-adfe-e695344591d8/window/rect[39m
[35m[HTTP][39m [90m{}[39m
[35m[HTTP][39m [37m<-- GET /wd/hub/session/e32c7da1-caa6-42f9-adfe-e695344591d8/window/rect [39m[32m200[39m [90m23 ms - 50[39m
[35m[HTTP][39m [90m[39m
[35m[HTTP][39m [37m-->[39m [37mGET[39m [37m/wd/hub/session/e32c7da1-caa6-42f9-adfe-e695344591d8/appium/device/system_bars[39m
[35m[HTTP][39m [90m{}[39m
[35m[HTTP][39m [37m<-- GET /wd/hub/session/e32c7da1-caa6-42f9-adfe-e695344591d8/appium/device/system_bars [39m[32m200[39m [90m110 ms - 149[39m
[35m[HTTP][39m [90m[39m
[35m[HTTP][39m [37m-->[39m [37mPOST[39m [37m/wd/hub/session/e32c7da1-caa6-42f9-adfe-e695344591d8/appium/device/activate_app[39m
[35m[HTTP][39m [90m{"bundleId":"com.tinder"}[39m
[35m[HTTP][39m [37m<-- POST /wd/hub/session/e32c7da1-caa6-42f9-adfe-e695344591d8/appium/device/activate_app [39m[32m200[39m [90m297 ms - 14[39m
[35m[HTTP][39m [90m[39m
[35m[HTTP][39m [37m-->[39m [37mGET[39m [37m/wd/hub/session/e32c7da1-caa6-42f9-adfe-e695344591d8/source[39m
[35m[HTTP][39m [90m{}[39m
[35m[W3C (e32c7da1)][39m Driver proxy active, passing request on via HTTP proxy
[35m[WD Proxy][39m Replacing sessionId 4a6d58d6-774b-4934-b364-f8f3440e4b79 with e32c7da1-caa6-42f9-adfe-e695344591d8
[35m[HTTP][39m [37m<-- GET /wd/hub/session/e32c7da1-caa6-42f9-adfe-e695344591d8/source [39m[32m200[39m [90m773 ms - 31024[39m
[35m[HTTP][39m [90m[39m
[35m[HTTP][39m [37m-->[39m [37mGET[39m [37m/wd/hub/session/e32c7da1-caa6-42f9-adfe-e695344591d8/screenshot[39m
[35m[HTTP][39m [90m{}[39m
[35m[HTTP][39m [37m<-- GET /wd/hub/session/e32c7da1-caa6-42f9-adfe-e695344591d8/screenshot [39m[32m200[39m [90m620 ms - 36730[39m
[35m[HTTP][39m [90m[39m
[35m[HTTP][39m [37m-->[39m [37mPOST[39m [37m/wd/hub/session/e32c7da1-caa6-42f9-adfe-e695344591d8/elements[39m
[35m[HTTP][39m [90m{"using":"xpath","value":"//*[@class = 'android.widget.FrameLayout' and (@text = '' or . = '')]"}[39m
[35m[HTTP][39m [37m<-- POST /wd/hub/session/e32c7da1-caa6-42f9-adfe-e695344591d8/elements [39m[32m200[39m [90m391 ms - 4619[39m
[35m[HTTP][39m [90m[39m
[35m[HTTP][39m [37m-->[39m [37mPOST[39m [37m/wd/hub/session/e32c7da1-caa6-42f9-adfe-e695344591d8/elements[39m
[35m[HTTP][39m [90m{"using":"-android uiautomator","value":"new UiSelector().className(\"android.widget.FrameLayout\")"}[39m
[35m[HTTP][39m [37m<-- POST /wd/hub/session/e32c7da1-caa6-42f9-adfe-e695344591d8/elements [39m[32m200[39m [90m1040 ms - 4619[39m
[35m[HTTP][39m [90m[39m
[35m[HTTP][39m [37m-->[39m [37mGET[39m [37m/wd/hub/session/e32c7da1-caa6-42f9-adfe-e695344591d8/window/rect[39m
[35m[HTTP][39m [90m{}[39m
[35m[HTTP][39m [37m<-- GET /wd/hub/session/e32c7da1-caa6-42f9-adfe-e695344591d8/window/rect [39m[32m200[39m [90m11 ms - 50[39m
[35m[HTTP][39m [90m[39m
[35m[HTTP][39m [37m-->[39m [37mPOST[39m [37m/wd/hub/session/e32c7da1-caa6-42f9-adfe-e695344591d8/elements[39m
[35m[HTTP][39m [90m{"using":"xpath","value":"//hierarchy/android.widget.FrameLayout[1]"}[39m
[35m[HTTP][39m [37m<-- POST /wd/hub/session/e32c7da1-caa6-42f9-adfe-e695344591d8/elements [39m[32m200[39m [90m122 ms - 139[39m
[35m[HTTP][39m [90m[39m
[35m[HTTP][39m [37m-->[39m [37mGET[39m [37m/wd/hub/session/e32c7da1-caa6-42f9-adfe-e695344591d8/element/e76015db-faa9-4552-b315-49d287293c32/location[39m
[35m[HTTP][39m [90m{}[39m
[35m[W3C (e32c7da1)][39m Driver proxy active, passing request on via HTTP proxy
[35m[WD Proxy][39m Replacing sessionId 4a6d58d6-774b-4934-b364-f8f3440e4b79 with e32c7da1-caa6-42f9-adfe-e695344591d8
[35m[HTTP][39m [37m<-- GET /wd/hub/session/e32c7da1-caa6-42f9-adfe-e695344591d8/element/e76015db-faa9-4552-b315-49d287293c32/location [39m[32m200[39m [90m20 ms - 74[39m
[35m[HTTP][39m [90m[39m
[35m[HTTP][39m [37m-->[39m [37mPOST[39m [37m/wd/hub/session/e32c7da1-caa6-42f9-adfe-e695344591d8/touch/perform[39m
[35m[HTTP][39m [90m{"actions":[{"action":"tap","options":{"x":1,"y":1,"element":"e76015db-faa9-4552-b315-49d287293c32"}}]}[39m
[35m[UiAutomator2][39m calling get location: e76015db-faa9-4552-b315-49d287293c32
[35m[HTTP][39m [37m<-- POST /wd/hub/session/e32c7da1-caa6-42f9-adfe-e695344591d8/touch/perform [39m[32m200[39m [90m192 ms - 14[39m
[35m[HTTP][39m [90m[39m
[35m[HTTP][39m [37m-->[39m [37mGET[39m [37m/wd/hub/session/e32c7da1-caa6-42f9-adfe-e695344591d8/source[39m
[35m[HTTP][39m [90m{}[39m
[35m[W3C (e32c7da1)][39m Driver proxy active, passing request on via HTTP proxy
[35m[WD Proxy][39m Replacing sessionId 4a6d58d6-774b-4934-b364-f8f3440e4b79 with e32c7da1-caa6-42f9-adfe-e695344591d8
[35m[HTTP][39m [37m<-- GET /wd/hub/session/e32c7da1-caa6-42f9-adfe-e695344591d8/source [39m[32m200[39m [90m234 ms - 42372[39m
[35m[HTTP][39m [90m[39m
[35m[HTTP][39m [37m-->[39m [37mGET[39m [37m/wd/hub/session/e32c7da1-caa6-42f9-adfe-e695344591d8/screenshot[39m
[35m[HTTP][39m [90m{}[39m
[35m[HTTP][39m [37m<-- GET /wd/hub/session/e32c7da1-caa6-42f9-adfe-e695344591d8/screenshot [39m[32m200[39m [90m1200 ms - 1035570[39m
[35m[HTTP][39m [90m[39m
[35m[HTTP][39m [37m-->[39m [37mPOST[39m [37m/wd/hub/session/e32c7da1-caa6-42f9-adfe-e695344591d8/elements[39m
[35m[HTTP][39m [90m{"using":"xpath","value":"//*[@class = 'android.widget.ImageView' and @resource-id = 'com.tinder:id/gamepad_like' and (@text = '' or . = '')]"}[39m
[35m[HTTP][39m [37m<-- POST /wd/hub/session/e32c7da1-caa6-42f9-adfe-e695344591d8/elements [39m[32m200[39m [90m118 ms - 139[39m
[35m[HTTP][39m [90m[39m
[35m[HTTP][39m [37m-->[39m [37mGET[39m [37m/wd/hub/session/e32c7da1-caa6-42f9-adfe-e695344591d8/window/rect[39m
[35m[HTTP][39m [90m{}[39m
[35m[HTTP][39m [37m<-- GET /wd/hub/session/e32c7da1-caa6-42f9-adfe-e695344591d8/window/rect [39m[32m200[39m [90m10 ms - 50[39m
[35m[HTTP][39m [90m[39m
[35m[HTTP][39m [37m-->[39m [37mPOST[39m [37m/wd/hub/session/e32c7da1-caa6-42f9-adfe-e695344591d8/elements[39m
[35m[HTTP][39m [90m{"using":"xpath","value":"//*[@class = 'android.widget.ImageView' and @resource-id = 'com.tinder:id/gamepad_like' and (@text = '' or . = '')]"}[39m
[35m[HTTP][39m [37m<-- POST /wd/hub/session/e32c7da1-caa6-42f9-adfe-e695344591d8/elements [39m[32m200[39m [90m97 ms - 139[39m
[35m[HTTP][39m [90m[39m
[35m[HTTP][39m [37m-->[39m [37mGET[39m [37m/wd/hub/session/e32c7da1-caa6-42f9-adfe-e695344591d8/element/16bef613-db10-4806-adef-491821a7a0d4/location[39m
[35m[HTTP][39m [90m{}[39m
[35m[W3C (e32c7da1)][39m Driver proxy active, passing request on via HTTP proxy
[35m[WD Proxy][39m Replacing sessionId 4a6d58d6-774b-4934-b364-f8f3440e4b79 with e32c7da1-caa6-42f9-adfe-e695344591d8
[35m[HTTP][39m [37m<-- GET /wd/hub/session/e32c7da1-caa6-42f9-adfe-e695344591d8/element/16bef613-db10-4806-adef-491821a7a0d4/location [39m[32m200[39m [90m19 ms - 79[39m
[35m[HTTP][39m [90m[39m
[35m[HTTP][39m [37m-->[39m [37mPOST[39m [37m/wd/hub/session/e32c7da1-caa6-42f9-adfe-e695344591d8/touch/perform[39m
[35m[HTTP][39m [90m{"actions":[{"action":"tap","options":{"x":1,"y":1,"element":"16bef613-db10-4806-adef-491821a7a0d4"}}]}[39m
[35m[UiAutomator2][39m calling get location: 16bef613-db10-4806-adef-491821a7a0d4
[35m[HTTP][39m [37m<-- POST /wd/hub/session/e32c7da1-caa6-42f9-adfe-e695344591d8/touch/perform [39m[32m200[39m [90m1346 ms - 14[39m
[35m[HTTP][39m [90m[39m
[35m[HTTP][39m [37m-->[39m [37mGET[39m [37m/wd/hub/session/e32c7da1-caa6-42f9-adfe-e695344591d8/source[39m
[35m[HTTP][39m [90m{}[39m
[35m[W3C (e32c7da1)][39m Driver proxy active, passing request on via HTTP proxy
[35m[WD Proxy][39m Replacing sessionId 4a6d58d6-774b-4934-b364-f8f3440e4b79 with e32c7da1-caa6-42f9-adfe-e695344591d8
[35m[HTTP][39m [37m<-- GET /wd/hub/session/e32c7da1-caa6-42f9-adfe-e695344591d8/source [39m[32m200[39m [90m773 ms - 42904[39m
[35m[HTTP][39m [90m[39m
[35m[HTTP][39m [37m-->[39m [37mGET[39m [37m/wd/hub/session/e32c7da1-caa6-42f9-adfe-e695344591d8/screenshot[39m
[35m[HTTP][39m [90m{}[39m
[35m[HTTP][39m [37m<-- GET /wd/hub/session/e32c7da1-caa6-42f9-adfe-e695344591d8/screenshot [39m[32m200[39m [90m1920 ms - 1975786[39m
[35m[HTTP][39m [90m[39m
[35m[HTTP][39m [37m-->[39m [37mDELETE[39m [37m/wd/hub/session/e32c7da1-caa6-42f9-adfe-e695344591d8[39m
[35m[HTTP][39m [90m{}[39m
[35m[Appium][39m Removing session e32c7da1-caa6-42f9-adfe-e695344591d8 from our master session list
[35m[UiAutomator2][39m Restoring hidden api policy to the device default configuration
[35m[HTTP][39m [37m<-- DELETE /wd/hub/session/e32c7da1-caa6-42f9-adfe-e695344591d8 [39m[32m200[39m [90m358 ms - 14[39m
[35m[HTTP][39m [90m[39m
